<?xml version="1.0" encoding="UTF-8"?>
<!-- Generated by org.testng.reporters.JUnitReportReporter -->
<testsuite skipped="0" hostname="DESKTOP-K7L8TBA" name="com.class01.Task2" tests="2" failures="0" timestamp="2020-01-13T14:16:30 EST" time="0.004" errors="0">
  <testcase name="testTwo" time="0.001" classname="com.class01.Task2"/>
  <testcase name="test" time="0.003" classname="com.class01.Task2"/>
</testsuite> <!-- com.class01.Task2 -->
