<?xml version="1.0" encoding="UTF-8"?>
<!-- Generated by org.testng.reporters.JUnitReportReporter -->
<testsuite skipped="0" hostname="DESKTOP-K7L8TBA" name="com.class01.Task1" tests="3" failures="0" timestamp="2020-01-13T13:52:51 EST" time="0.018" errors="0">
  <testcase name="TIisADillhole" time="0.001" classname="com.class01.Task1"/>
  <testcase name="T1" time="0.015" classname="com.class01.Task1"/>
  <testcase name="TT500" time="0.002" classname="com.class01.Task1"/>
</testsuite> <!-- com.class01.Task1 -->
