<?xml version="1.0" encoding="UTF-8"?>
<!-- Generated by org.testng.reporters.JUnitReportReporter -->
<testsuite skipped="0" hostname="DESKTOP-K7L8TBA" name="com.class02.AssertionsTask" tests="1" failures="0" timestamp="2020-01-12T12:16:53 EST" time="9.797" errors="0">
  <testcase name="validationOfLogo" time="9.797" classname="com.class02.AssertionsTask"/>
</testsuite> <!-- com.class02.AssertionsTask -->
