<?xml version="1.0" encoding="UTF-8"?>
<!-- Generated by org.testng.reporters.JUnitReportReporter -->
<testsuite skipped="0" hostname="DESKTOP-K7L8TBA" name="com.class03.AlwaysRun" tests="2" failures="0" timestamp="2020-01-16T00:35:45 EST" time="0.017" errors="0">
  <testcase name="testMethod1" time="0.003" classname="com.class03.AlwaysRun"/>
  <testcase name="testMethod" time="0.014" classname="com.class03.AlwaysRun"/>
</testsuite> <!-- com.class03.AlwaysRun -->
