<?xml version="1.0" encoding="UTF-8"?>
<!-- Generated by org.testng.reporters.JUnitReportReporter -->
<testsuite skipped="0" hostname="DESKTOP-K7L8TBA" name="com.class03.HW" tests="5" failures="0" timestamp="2020-01-16T22:04:47 EST" time="72.353" errors="0">
  <testcase name="empAdd" time="14.002" classname="com.class03.HW"/>
  <testcase name="empAdd" time="14.850" classname="com.class03.HW"/>
  <testcase name="empAdd" time="14.030" classname="com.class03.HW"/>
  <testcase name="empAdd" time="15.459" classname="com.class03.HW"/>
  <testcase name="empAdd" time="14.012" classname="com.class03.HW"/>
</testsuite> <!-- com.class03.HW -->
