<?xml version="1.0" encoding="UTF-8"?>
<!-- Generated by org.testng.reporters.JUnitReportReporter -->
<testsuite skipped="0" hostname="DESKTOP-K7L8TBA" name="com.class02.HW" tests="2" failures="0" timestamp="2020-01-13T14:35:17 EST" time="12.978" errors="0">
  <testcase name="validationOfMessage" time="5.269" classname="com.class02.HW"/>
  <testcase name="validationOfLogo" time="7.709" classname="com.class02.HW"/>
</testsuite> <!-- com.class02.HW -->
